<?xml version="1.0" encoding="UTF-8"?>
<testng-results retried="1" ignored="0" total="6" passed="4" failed="1" skipped="0">
  <reporter-output>
  </reporter-output>
  <suite started-at="2022-11-13T19:52:51 IST" name="Suite" finished-at="2022-11-13T19:53:14 IST" duration-ms="22701">
    <groups>
      <group name="ErrorHandling">
        <method signature="ErrorValidationsTest.loginErrorValidation()[pri:0, instance:dhruvanshtanwar.tests.ErrorValidationsTest@25aca718]" name="loginErrorValidation" class="dhruvanshtanwar.tests.ErrorValidationsTest"/>
      </group> <!-- ErrorHandling -->
      <group name="Purchase">
        <method signature="SubmitOrderTest.submitOrder(java.util.HashMap)[pri:0, instance:dhruvanshtanwar.tests.SubmitOrderTest@3f9342d4]" name="submitOrder" class="dhruvanshtanwar.tests.SubmitOrderTest"/>
      </group> <!-- Purchase -->
    </groups>
    <test started-at="2022-11-13T19:52:51 IST" name="Error Validation Test" finished-at="2022-11-13T19:53:11 IST" duration-ms="20114">
      <class name="dhruvanshtanwar.tests.ErrorValidationsTest">
        <test-method is-config="true" signature="launchApplication()[pri:0, instance:dhruvanshtanwar.tests.ErrorValidationsTest@25aca718]" started-at="2022-11-13T19:52:51 IST" name="launchApplication" finished-at="2022-11-13T19:52:57 IST" duration-ms="6119" status="PASS">
          <reporter-output>
          </reporter-output>
        </test-method> <!-- launchApplication -->
        <test-method retried="true" signature="loginErrorValidation()[pri:0, instance:dhruvanshtanwar.tests.ErrorValidationsTest@25aca718]" started-at="2022-11-13T19:52:57 IST" name="loginErrorValidation" finished-at="2022-11-13T19:52:58 IST" duration-ms="548" status="SKIP">
          <exception class="java.lang.AssertionError">
            <message>
              <![CDATA[expected [Incorrect email or password.] but found [Incorrect email  passsword.]]]>
            </message>
            <full-stacktrace>
              <![CDATA[java.lang.AssertionError: expected [Incorrect email or password.] but found [Incorrect email  passsword.]
at org.testng.Assert.fail(Assert.java:110)
at org.testng.Assert.failNotEquals(Assert.java:1413)
at org.testng.Assert.assertEqualsImpl(Assert.java:149)
at org.testng.Assert.assertEquals(Assert.java:131)
at org.testng.Assert.assertEquals(Assert.java:655)
at org.testng.Assert.assertEquals(Assert.java:665)
at dhruvanshtanwar.tests.ErrorValidationsTest.loginErrorValidation(ErrorValidationsTest.java:25)
at java.base/jdk.internal.reflect.NativeMethodAccessorImpl.invoke0(Native Method)
at java.base/jdk.internal.reflect.NativeMethodAccessorImpl.invoke(NativeMethodAccessorImpl.java:77)
at java.base/jdk.internal.reflect.DelegatingMethodAccessorImpl.invoke(DelegatingMethodAccessorImpl.java:43)
at java.base/java.lang.reflect.Method.invoke(Method.java:568)
at org.testng.internal.invokers.MethodInvocationHelper.invokeMethod(MethodInvocationHelper.java:139)
at org.testng.internal.invokers.TestInvoker.invokeMethod(TestInvoker.java:677)
at org.testng.internal.invokers.TestInvoker.invokeTestMethod(TestInvoker.java:221)
at org.testng.internal.invokers.MethodRunner.runInSequence(MethodRunner.java:50)
at org.testng.internal.invokers.TestInvoker$MethodInvocationAgent.invoke(TestInvoker.java:962)
at org.testng.internal.invokers.TestInvoker.invokeTestMethods(TestInvoker.java:194)
at org.testng.internal.invokers.TestMethodWorker.invokeTestMethods(TestMethodWorker.java:148)
at org.testng.internal.invokers.TestMethodWorker.run(TestMethodWorker.java:128)
at java.base/java.util.ArrayList.forEach(ArrayList.java:1511)
at org.testng.TestRunner.privateRun(TestRunner.java:806)
at org.testng.TestRunner.run(TestRunner.java:601)
at org.testng.SuiteRunner.runTest(SuiteRunner.java:433)
at org.testng.SuiteRunner$SuiteWorker.run(SuiteRunner.java:471)
at org.testng.internal.thread.ThreadUtil.lambda$execute$0(ThreadUtil.java:58)
at java.base/java.util.concurrent.FutureTask.run(FutureTask.java:264)
at java.base/java.util.concurrent.ThreadPoolExecutor.runWorker(ThreadPoolExecutor.java:1136)
at java.base/java.util.concurrent.ThreadPoolExecutor$Worker.run(ThreadPoolExecutor.java:635)
at java.base/java.lang.Thread.run(Thread.java:833)
]]>
            </full-stacktrace>
          </exception> <!-- java.lang.AssertionError -->
          <reporter-output>
          </reporter-output>
        </test-method> <!-- loginErrorValidation -->
        <test-method is-config="true" signature="tearDown()[pri:0, instance:dhruvanshtanwar.tests.ErrorValidationsTest@25aca718]" started-at="2022-11-13T19:52:58 IST" name="tearDown" finished-at="2022-11-13T19:52:58 IST" duration-ms="223" status="PASS">
          <reporter-output>
          </reporter-output>
        </test-method> <!-- tearDown -->
        <test-method is-config="true" signature="launchApplication()[pri:0, instance:dhruvanshtanwar.tests.ErrorValidationsTest@25aca718]" started-at="2022-11-13T19:52:58 IST" name="launchApplication" finished-at="2022-11-13T19:53:02 IST" duration-ms="4150" status="PASS">
          <reporter-output>
          </reporter-output>
        </test-method> <!-- launchApplication -->
        <test-method signature="loginErrorValidation()[pri:0, instance:dhruvanshtanwar.tests.ErrorValidationsTest@25aca718]" started-at="2022-11-13T19:53:02 IST" name="loginErrorValidation" finished-at="2022-11-13T19:53:03 IST" duration-ms="701" status="FAIL">
          <exception class="java.lang.AssertionError">
            <message>
              <![CDATA[expected [Incorrect email or password.] but found [Incorrect email  passsword.]]]>
            </message>
            <full-stacktrace>
              <![CDATA[java.lang.AssertionError: expected [Incorrect email or password.] but found [Incorrect email  passsword.]
at org.testng.Assert.fail(Assert.java:110)
at org.testng.Assert.failNotEquals(Assert.java:1413)
at org.testng.Assert.assertEqualsImpl(Assert.java:149)
at org.testng.Assert.assertEquals(Assert.java:131)
at org.testng.Assert.assertEquals(Assert.java:655)
at org.testng.Assert.assertEquals(Assert.java:665)
at dhruvanshtanwar.tests.ErrorValidationsTest.loginErrorValidation(ErrorValidationsTest.java:25)
at java.base/jdk.internal.reflect.NativeMethodAccessorImpl.invoke0(Native Method)
at java.base/jdk.internal.reflect.NativeMethodAccessorImpl.invoke(NativeMethodAccessorImpl.java:77)
at java.base/jdk.internal.reflect.DelegatingMethodAccessorImpl.invoke(DelegatingMethodAccessorImpl.java:43)
at java.base/java.lang.reflect.Method.invoke(Method.java:568)
at org.testng.internal.invokers.MethodInvocationHelper.invokeMethod(MethodInvocationHelper.java:139)
at org.testng.internal.invokers.TestInvoker.invokeMethod(TestInvoker.java:677)
at org.testng.internal.invokers.TestInvoker.retryFailed(TestInvoker.java:263)
at org.testng.internal.invokers.MethodRunner.runInSequence(MethodRunner.java:62)
at org.testng.internal.invokers.TestInvoker$MethodInvocationAgent.invoke(TestInvoker.java:962)
at org.testng.internal.invokers.TestInvoker.invokeTestMethods(TestInvoker.java:194)
at org.testng.internal.invokers.TestMethodWorker.invokeTestMethods(TestMethodWorker.java:148)
at org.testng.internal.invokers.TestMethodWorker.run(TestMethodWorker.java:128)
at java.base/java.util.ArrayList.forEach(ArrayList.java:1511)
at org.testng.TestRunner.privateRun(TestRunner.java:806)
at org.testng.TestRunner.run(TestRunner.java:601)
at org.testng.SuiteRunner.runTest(SuiteRunner.java:433)
at org.testng.SuiteRunner$SuiteWorker.run(SuiteRunner.java:471)
at org.testng.internal.thread.ThreadUtil.lambda$execute$0(ThreadUtil.java:58)
at java.base/java.util.concurrent.FutureTask.run(FutureTask.java:264)
at java.base/java.util.concurrent.ThreadPoolExecutor.runWorker(ThreadPoolExecutor.java:1136)
at java.base/java.util.concurrent.ThreadPoolExecutor$Worker.run(ThreadPoolExecutor.java:635)
at java.base/java.lang.Thread.run(Thread.java:833)
]]>
            </full-stacktrace>
          </exception> <!-- java.lang.AssertionError -->
          <reporter-output>
          </reporter-output>
        </test-method> <!-- loginErrorValidation -->
        <test-method is-config="true" signature="tearDown()[pri:0, instance:dhruvanshtanwar.tests.ErrorValidationsTest@25aca718]" started-at="2022-11-13T19:53:04 IST" name="tearDown" finished-at="2022-11-13T19:53:04 IST" duration-ms="204" status="PASS">
          <reporter-output>
          </reporter-output>
        </test-method> <!-- tearDown -->
        <test-method is-config="true" signature="launchApplication()[pri:0, instance:dhruvanshtanwar.tests.ErrorValidationsTest@25aca718]" started-at="2022-11-13T19:53:04 IST" name="launchApplication" finished-at="2022-11-13T19:53:08 IST" duration-ms="4597" status="PASS">
          <reporter-output>
          </reporter-output>
        </test-method> <!-- launchApplication -->
        <test-method signature="productErrorValidation()[pri:0, instance:dhruvanshtanwar.tests.ErrorValidationsTest@25aca718]" started-at="2022-11-13T19:53:08 IST" name="productErrorValidation" finished-at="2022-11-13T19:53:11 IST" duration-ms="2395" status="PASS">
          <reporter-output>
          </reporter-output>
        </test-method> <!-- productErrorValidation -->
        <test-method is-config="true" signature="tearDown()[pri:0, instance:dhruvanshtanwar.tests.ErrorValidationsTest@25aca718]" started-at="2022-11-13T19:53:11 IST" name="tearDown" finished-at="2022-11-13T19:53:11 IST" duration-ms="317" status="PASS">
          <reporter-output>
          </reporter-output>
        </test-method> <!-- tearDown -->
      </class> <!-- dhruvanshtanwar.tests.ErrorValidationsTest -->
    </test> <!-- Error Validation Test -->
    <test started-at="2022-11-13T19:52:51 IST" name="Submit Order Test" finished-at="2022-11-13T19:53:14 IST" duration-ms="22701">
      <class name="dhruvanshtanwar.tests.SubmitOrderTest">
        <test-method is-config="true" signature="launchApplication()[pri:0, instance:dhruvanshtanwar.tests.SubmitOrderTest@3f9342d4]" started-at="2022-11-13T19:52:51 IST" name="launchApplication" finished-at="2022-11-13T19:52:56 IST" duration-ms="4863" status="PASS">
          <reporter-output>
          </reporter-output>
        </test-method> <!-- launchApplication -->
        <test-method signature="submitOrder(java.util.HashMap)[pri:0, instance:dhruvanshtanwar.tests.SubmitOrderTest@3f9342d4]" started-at="2022-11-13T19:52:56 IST" name="submitOrder" data-provider="getData" finished-at="2022-11-13T19:53:00 IST" duration-ms="3233" status="PASS">
          <params>
            <param index="0">
              <value>
                <![CDATA[{password=Hardrockcafe1., email=dhruvansht@gmail.com, productName=ZARA COAT 3}]]>
              </value>
            </param>
          </params>
          <reporter-output>
          </reporter-output>
        </test-method> <!-- submitOrder -->
        <test-method is-config="true" signature="tearDown()[pri:0, instance:dhruvanshtanwar.tests.SubmitOrderTest@3f9342d4]" started-at="2022-11-13T19:53:00 IST" name="tearDown" finished-at="2022-11-13T19:53:00 IST" duration-ms="89" status="PASS">
          <reporter-output>
          </reporter-output>
        </test-method> <!-- tearDown -->
        <test-method is-config="true" signature="launchApplication()[pri:0, instance:dhruvanshtanwar.tests.SubmitOrderTest@3f9342d4]" started-at="2022-11-13T19:53:00 IST" name="launchApplication" finished-at="2022-11-13T19:53:04 IST" duration-ms="4426" status="PASS">
          <reporter-output>
          </reporter-output>
        </test-method> <!-- launchApplication -->
        <test-method signature="submitOrder(java.util.HashMap)[pri:0, instance:dhruvanshtanwar.tests.SubmitOrderTest@3f9342d4]" started-at="2022-11-13T19:53:04 IST" name="submitOrder" data-provider="getData" finished-at="2022-11-13T19:53:08 IST" duration-ms="3712" status="PASS">
          <params>
            <param index="0">
              <value>
                <![CDATA[{password=Hardrockcafe1., email=tanwar@gmail.com, productName=ADIDAS ORIGINAL}]]>
              </value>
            </param>
          </params>
          <reporter-output>
          </reporter-output>
        </test-method> <!-- submitOrder -->
        <test-method is-config="true" signature="tearDown()[pri:0, instance:dhruvanshtanwar.tests.SubmitOrderTest@3f9342d4]" started-at="2022-11-13T19:53:08 IST" name="tearDown" finished-at="2022-11-13T19:53:08 IST" duration-ms="255" status="PASS">
          <reporter-output>
          </reporter-output>
        </test-method> <!-- tearDown -->
        <test-method is-config="true" signature="launchApplication()[pri:0, instance:dhruvanshtanwar.tests.SubmitOrderTest@3f9342d4]" started-at="2022-11-13T19:53:08 IST" name="launchApplication" finished-at="2022-11-13T19:53:13 IST" duration-ms="4716" status="PASS">
          <reporter-output>
          </reporter-output>
        </test-method> <!-- launchApplication -->
        <test-method signature="orderHistoryTest()[pri:0, instance:dhruvanshtanwar.tests.SubmitOrderTest@3f9342d4]" started-at="2022-11-13T19:53:13 IST" name="orderHistoryTest" finished-at="2022-11-13T19:53:14 IST" depends-on-methods="dhruvanshtanwar.tests.SubmitOrderTest.submitOrder" duration-ms="784" status="PASS">
          <reporter-output>
          </reporter-output>
        </test-method> <!-- orderHistoryTest -->
        <test-method is-config="true" signature="tearDown()[pri:0, instance:dhruvanshtanwar.tests.SubmitOrderTest@3f9342d4]" started-at="2022-11-13T19:53:14 IST" name="tearDown" finished-at="2022-11-13T19:53:14 IST" duration-ms="191" status="PASS">
          <reporter-output>
          </reporter-output>
        </test-method> <!-- tearDown -->
      </class> <!-- dhruvanshtanwar.tests.SubmitOrderTest -->
    </test> <!-- Submit Order Test -->
  </suite> <!-- Suite -->
</testng-results>
